<?xml version="1.0" encoding="UTF-8"?>
<testsuite name="com.sparta.hanghaememo.HanghaememoApplicationTests" tests="1" skipped="0" failures="0" errors="0" timestamp="2022-12-06T11:13:17" hostname="gim-yejin-ui-MacBookAir.local" time="0.263">
  <properties/>
  <testcase name="contextLoads()" classname="com.sparta.hanghaememo.HanghaememoApplicationTests" time="0.263"/>
  <system-out><![CDATA[20:12:58.999 [Test worker] DEBUG org.springframework.test.context.BootstrapUtils - Instantiating CacheAwareContextLoaderDelegate from class [org.springframework.test.context.cache.DefaultCacheAwareContextLoaderDelegate]
20:12:59.021 [Test worker] DEBUG org.springframework.test.context.BootstrapUtils - Instantiating BootstrapContext using constructor [public org.springframework.test.context.support.DefaultBootstrapContext(java.lang.Class,org.springframework.test.context.CacheAwareContextLoaderDelegate)]
20:12:59.094 [Test worker] DEBUG org.springframework.test.context.BootstrapUtils - Instantiating TestContextBootstrapper for test class [com.sparta.hanghaememo.HanghaememoApplicationTests] from class [org.springframework.boot.test.context.SpringBootTestContextBootstrapper]
20:12:59.112 [Test worker] INFO org.springframework.boot.test.context.SpringBootTestContextBootstrapper - Neither @ContextConfiguration nor @ContextHierarchy found for test class [com.sparta.hanghaememo.HanghaememoApplicationTests], using SpringBootContextLoader
20:12:59.122 [Test worker] DEBUG org.springframework.test.context.support.AbstractContextLoader - Did not detect default resource location for test class [com.sparta.hanghaememo.HanghaememoApplicationTests]: class path resource [com/sparta/hanghaememo/HanghaememoApplicationTests-context.xml] does not exist
20:12:59.122 [Test worker] DEBUG org.springframework.test.context.support.AbstractContextLoader - Did not detect default resource location for test class [com.sparta.hanghaememo.HanghaememoApplicationTests]: class path resource [com/sparta/hanghaememo/HanghaememoApplicationTestsContext.groovy] does not exist
20:12:59.123 [Test worker] INFO org.springframework.test.context.support.AbstractContextLoader - Could not detect default resource locations for test class [com.sparta.hanghaememo.HanghaememoApplicationTests]: no resource found for suffixes {-context.xml, Context.groovy}.
20:12:59.124 [Test worker] INFO org.springframework.test.context.support.AnnotationConfigContextLoaderUtils - Could not detect default configuration classes for test class [com.sparta.hanghaememo.HanghaememoApplicationTests]: HanghaememoApplicationTests does not declare any static, non-private, non-final, nested classes annotated with @Configuration.
20:12:59.198 [Test worker] DEBUG org.springframework.test.context.support.ActiveProfilesUtils - Could not find an 'annotation declaring class' for annotation type [org.springframework.test.context.ActiveProfiles] and class [com.sparta.hanghaememo.HanghaememoApplicationTests]
20:12:59.364 [Test worker] DEBUG org.springframework.context.annotation.ClassPathScanningCandidateComponentProvider - Identified candidate component class: file [/Users/kim-yejin/hanghamemo2/build/classes/java/main/com/sparta/hanghaememo/HanghaememoApplication.class]
20:12:59.367 [Test worker] INFO org.springframework.boot.test.context.SpringBootTestContextBootstrapper - Found @SpringBootConfiguration com.sparta.hanghaememo.HanghaememoApplication for test class com.sparta.hanghaememo.HanghaememoApplicationTests
20:12:59.678 [Test worker] DEBUG org.springframework.boot.test.context.SpringBootTestContextBootstrapper - @TestExecutionListeners is not present for class [com.sparta.hanghaememo.HanghaememoApplicationTests]: using defaults.
20:12:59.679 [Test worker] INFO org.springframework.boot.test.context.SpringBootTestContextBootstrapper - Loaded default TestExecutionListener class names from location [META-INF/spring.factories]: [org.springframework.boot.test.autoconfigure.restdocs.RestDocsTestExecutionListener, org.springframework.boot.test.autoconfigure.web.client.MockRestServiceServerResetTestExecutionListener, org.springframework.boot.test.autoconfigure.web.servlet.MockMvcPrintOnlyOnFailureTestExecutionListener, org.springframework.boot.test.autoconfigure.web.servlet.WebDriverTestExecutionListener, org.springframework.boot.test.autoconfigure.webservices.client.MockWebServiceServerTestExecutionListener, org.springframework.boot.test.mock.mockito.MockitoTestExecutionListener, org.springframework.boot.test.mock.mockito.ResetMocksTestExecutionListener, org.springframework.test.context.web.ServletTestExecutionListener, org.springframework.test.context.support.DirtiesContextBeforeModesTestExecutionListener, org.springframework.test.context.event.ApplicationEventsTestExecutionListener, org.springframework.test.context.support.DependencyInjectionTestExecutionListener, org.springframework.test.context.support.DirtiesContextTestExecutionListener, org.springframework.test.context.transaction.TransactionalTestExecutionListener, org.springframework.test.context.jdbc.SqlScriptsTestExecutionListener, org.springframework.test.context.event.EventPublishingTestExecutionListener]
20:12:59.728 [Test worker] INFO org.springframework.boot.test.context.SpringBootTestContextBootstrapper - Using TestExecutionListeners: [org.springframework.test.context.web.ServletTestExecutionListener@20312893, org.springframework.test.context.support.DirtiesContextBeforeModesTestExecutionListener@70eecdc2, org.springframework.test.context.event.ApplicationEventsTestExecutionListener@c41709a, org.springframework.boot.test.mock.mockito.MockitoTestExecutionListener@7db0565c, org.springframework.boot.test.autoconfigure.SpringBootDependencyInjectionTestExecutionListener@54ec8cc9, org.springframework.test.context.support.DirtiesContextTestExecutionListener@52eacb4b, org.springframework.test.context.transaction.TransactionalTestExecutionListener@5528a42c, org.springframework.test.context.jdbc.SqlScriptsTestExecutionListener@2a551a63, org.springframework.test.context.event.EventPublishingTestExecutionListener@1a6f5124, org.springframework.boot.test.autoconfigure.restdocs.RestDocsTestExecutionListener@1edb61b1, org.springframework.boot.test.autoconfigure.web.client.MockRestServiceServerResetTestExecutionListener@ec2bf82, org.springframework.boot.test.autoconfigure.web.servlet.MockMvcPrintOnlyOnFailureTestExecutionListener@cc62a3b, org.springframework.boot.test.autoconfigure.web.servlet.WebDriverTestExecutionListener@6cc0bcf6, org.springframework.boot.test.autoconfigure.webservices.client.MockWebServiceServerTestExecutionListener@29539e36, org.springframework.boot.test.mock.mockito.ResetMocksTestExecutionListener@32f61a31]
20:12:59.735 [Test worker] DEBUG org.springframework.test.context.support.AbstractDirtiesContextTestExecutionListener - Before test class: context [DefaultTestContext@2575f671 testClass = HanghaememoApplicationTests, testInstance = [null], testMethod = [null], testException = [null], mergedContextConfiguration = [WebMergedContextConfiguration@329a1243 testClass = HanghaememoApplicationTests, locations = '{}', classes = '{class com.sparta.hanghaememo.HanghaememoApplication}', contextInitializerClasses = '[]', activeProfiles = '{}', propertySourceLocations = '{}', propertySourceProperties = '{org.springframework.boot.test.context.SpringBootTestContextBootstrapper=true}', contextCustomizers = set[org.springframework.boot.test.autoconfigure.actuate.metrics.MetricsExportContextCustomizerFactory$DisableMetricExportContextCustomizer@1e7aa82b, org.springframework.boot.test.autoconfigure.properties.PropertyMappingContextCustomizer@0, org.springframework.boot.test.autoconfigure.web.servlet.WebDriverContextCustomizerFactory$Customizer@3fa2213, org.springframework.boot.test.context.filter.ExcludeFilterContextCustomizer@3dd1dc90, org.springframework.boot.test.json.DuplicateJsonObjectContextCustomizerFactory$DuplicateJsonObjectContextCustomizer@58fe0499, org.springframework.boot.test.mock.mockito.MockitoContextCustomizer@0, org.springframework.boot.test.web.client.TestRestTemplateContextCustomizer@40cb698e, org.springframework.boot.test.context.SpringBootTestArgs@1, org.springframework.boot.test.context.SpringBootTestWebEnvironment@2f01783a], resourceBasePath = 'src/main/webapp', contextLoader = 'org.springframework.boot.test.context.SpringBootContextLoader', parent = [null]], attributes = map['org.springframework.test.context.web.ServletTestExecutionListener.activateListener' -> true]], class annotated with @DirtiesContext [false] with mode [null].

  .   ____          _            __ _ _
 /\\ / ___'_ __ _ _(_)_ __  __ _ \ \ \ \
( ( )\___ | '_ | '_| | '_ \/ _` | \ \ \ \
 \\/  ___)| |_)| | | | | || (_| |  ) ) ) )
  '  |____| .__|_| |_|_| |_\__, | / / / /
 =========|_|==============|___/=/_/_/_/
 :: Spring Boot ::                (v2.7.5)

2022-12-06 20:13:01.473  INFO 18087 --- [    Test worker] c.s.h.HanghaememoApplicationTests        : Starting HanghaememoApplicationTests using Java 11.0.16.1 on gim-yejin-ui-MacBookAir.local with PID 18087 (started by kim-yejin in /Users/kim-yejin/hanghamemo2)
2022-12-06 20:13:01.478  INFO 18087 --- [    Test worker] c.s.h.HanghaememoApplicationTests        : No active profile set, falling back to 1 default profile: "default"
2022-12-06 20:13:03.084  INFO 18087 --- [    Test worker] .s.d.r.c.RepositoryConfigurationDelegate : Bootstrapping Spring Data JPA repositories in DEFAULT mode.
2022-12-06 20:13:03.975  INFO 18087 --- [    Test worker] .s.d.r.c.RepositoryConfigurationDelegate : Finished Spring Data repository scanning in 872 ms. Found 2 JPA repository interfaces.
2022-12-06 20:13:06.780  INFO 18087 --- [    Test worker] o.hibernate.jpa.internal.util.LogHelper  : HHH000204: Processing PersistenceUnitInfo [name: default]
2022-12-06 20:13:06.930  INFO 18087 --- [    Test worker] org.hibernate.Version                    : HHH000412: Hibernate ORM core version 5.6.12.Final
2022-12-06 20:13:07.484  INFO 18087 --- [    Test worker] o.hibernate.annotations.common.Version   : HCANN000001: Hibernate Commons Annotations {5.1.2.Final}
2022-12-06 20:13:08.118  INFO 18087 --- [    Test worker] com.zaxxer.hikari.HikariDataSource       : HikariPool-1 - Starting...
2022-12-06 20:13:10.766  INFO 18087 --- [    Test worker] com.zaxxer.hikari.HikariDataSource       : HikariPool-1 - Start completed.
2022-12-06 20:13:10.827  INFO 18087 --- [    Test worker] org.hibernate.dialect.Dialect            : HHH000400: Using dialect: org.hibernate.dialect.MySQL8Dialect
2022-12-06 20:13:14.006  INFO 18087 --- [    Test worker] o.h.e.t.j.p.i.JtaPlatformInitiator       : HHH000490: Using JtaPlatform implementation: [org.hibernate.engine.transaction.jta.platform.internal.NoJtaPlatform]
2022-12-06 20:13:14.043  INFO 18087 --- [    Test worker] j.LocalContainerEntityManagerFactoryBean : Initialized JPA EntityManagerFactory for persistence unit 'default'
2022-12-06 20:13:15.732  WARN 18087 --- [    Test worker] JpaBaseConfiguration$JpaWebConfiguration : spring.jpa.open-in-view is enabled by default. Therefore, database queries may be performed during view rendering. Explicitly configure spring.jpa.open-in-view to disable this warning
2022-12-06 20:13:16.446  INFO 18087 --- [    Test worker] o.s.b.a.w.s.WelcomePageHandlerMapping    : Adding welcome page template: index
2022-12-06 20:13:17.203  INFO 18087 --- [    Test worker] c.s.h.HanghaememoApplicationTests        : Started HanghaememoApplicationTests in 17.403 seconds (JVM running for 20.695)
]]></system-out>
  <system-err><![CDATA[]]></system-err>
</testsuite>
